<?xml version="1.0" encoding="UTF-8"?>
<testng-results ignored="0" total="1" passed="1" failed="0" skipped="0">
  <reporter-output>
  </reporter-output>
  <suite started-at="2023-10-14T16:09:35 IST" name="Surefire suite" finished-at="2023-10-14T16:09:39 IST" duration-ms="3856">
    <groups>
    </groups>
    <test started-at="2023-10-14T16:09:35 IST" name="Surefire test" finished-at="2023-10-14T16:09:39 IST" duration-ms="3856">
      <class name="bdd.APIFrameworks.AppTest">
        <test-method signature="shouldAnswerWithTrue()" started-at="2023-10-14T16:09:35 IST" name="shouldAnswerWithTrue" finished-at="2023-10-14T16:09:35 IST" duration-ms="14" status="PASS">
          <reporter-output>
          </reporter-output>
        </test-method> <!-- shouldAnswerWithTrue -->
      </class> <!-- bdd.APIFrameworks.AppTest -->
    </test> <!-- Surefire test -->
  </suite> <!-- Surefire suite -->
</testng-results>
